#
# There is insufficient memory for the Java Runtime Environment to continue.
# Native memory allocation (malloc) failed to allocate 1048576 bytes for AllocateHeap
# Possible reasons:
#   The system is out of physical RAM or swap space
#   In 32 bit mode, the process size limit was hit
# Possible solutions:
#   Reduce memory load on the system
#   Increase physical memory or swap space
#   Check if swap backing store is full
#   Use 64 bit Java on a 64 bit OS
#   Decrease Java heap size (-Xmx/-Xms)
#   Decrease number of Java threads
#   Decrease Java thread stack sizes (-Xss)
#   Set larger code cache with -XX:ReservedCodeCacheSize=
# This output file may be truncated or incomplete.
#
#  Out of Memory Error (memory/allocation.inline.hpp:61), pid=21992, tid=22016
#
# JRE version:  (8.0_45-b15) (build )
# Java VM: Java HotSpot(TM) 64-Bit Server VM (25.45-b02 mixed mode windows-amd64 compressed oops)
# Failed to write core dump. Minidumps are not enabled by default on client versions of Windows
#

---------------  T H R E A D  ---------------

Current thread (0x00000000035d0800):  JavaThread "Unknown thread" [_thread_in_vm, id=22016, stack(0x00000000034b0000,0x00000000035b0000)]

Stack: [0x00000000034b0000,0x00000000035b0000]
Native frames: (J=compiled Java code, j=interpreted, Vv=VM code, C=native code)
V  [jvm.dll+0x32b57a]
V  [jvm.dll+0x279873]
V  [jvm.dll+0x27a509]
V  [jvm.dll+0x271825]
V  [jvm.dll+0x1606]
V  [jvm.dll+0x3f7fb2]
V  [jvm.dll+0x3f898f]
V  [jvm.dll+0x3f8a5d]
V  [jvm.dll+0x3f8c26]
V  [jvm.dll+0xf2cf2]
V  [jvm.dll+0x20f0c9]
V  [jvm.dll+0x240e0a]
V  [jvm.dll+0x15ba41]
C  [javaw.exe+0x217e]
C  [javaw.exe+0xcd17]
C  [javaw.exe+0xcdab]
C  [KERNEL32.DLL+0x13034]
C  [ntdll.dll+0x71471]


---------------  P R O C E S S  ---------------

Java Threads: ( => current thread )

Other Threads:

=>0x00000000035d0800 (exited) JavaThread "Unknown thread" [_thread_in_vm, id=22016, stack(0x00000000034b0000,0x00000000035b0000)]

VM state:not at safepoint (normal execution)

VM Mutex/Monitor currently owned by a thread: None

Heap:
 PSYoungGen      total 38400K, used 665K [0x00000000d5c00000, 0x00000000d8680000, 0x0000000100000000)
  eden space 33280K, 2% used [0x00000000d5c00000,0x00000000d5ca6670,0x00000000d7c80000)
  from space 5120K, 0% used [0x00000000d8180000,0x00000000d8180000,0x00000000d8680000)
  to   space 5120K, 0% used [0x00000000d7c80000,0x00000000d7c80000,0x00000000d8180000)
 ParOldGen       total 87552K, used 0K [0x0000000081400000, 0x0000000086980000, 0x00000000d5c00000)
  object space 87552K, 0% used [0x0000000081400000,0x0000000081400000,0x0000000086980000)
 Metaspace       used 742K, capacity 4480K, committed 4480K, reserved 1056768K
  class space    used 75K, capacity 384K, committed 384K, reserved 1048576K

Card table byte_map: [0x0000000012a90000,0x0000000012e90000] byte_map_base: 0x0000000012686000

Marking Bits: (ParMarkBitMap*) 0x00000000669b4040
 Begin Bits: [0x0000000013940000, 0x00000000158f0000)
 End Bits:   [0x00000000158f0000, 0x00000000178a0000)

Polling page: 0x0000000000ff0000

CodeCache: size=245760Kb used=328Kb max_used=328Kb free=245431Kb
 bounds [0x00000000036d0000, 0x0000000003940000, 0x00000000126d0000]
 total_blobs=57 nmethods=0 adapters=37
 compilation: enabled

Compilation events (0 events):
No events

GC Heap History (0 events):
No events

Deoptimization events (0 events):
No events

Internal exceptions (0 events):
No events

Events (10 events):
Event: 0.056 loading class java/lang/Short
Event: 0.056 loading class java/lang/Short done
Event: 0.056 loading class java/lang/Integer
Event: 0.056 loading class java/lang/Integer done
Event: 0.056 loading class java/lang/Long
Event: 0.056 loading class java/lang/Long done
Event: 0.057 loading class java/lang/NullPointerException
Event: 0.057 loading class java/lang/NullPointerException done
Event: 0.057 loading class java/lang/ArithmeticException
Event: 0.057 loading class java/lang/ArithmeticException done


Dynamic libraries:
0x00007ff61a9b0000 - 0x00007ff61a9e7000 	C:\Program Files\Java\jre1.8.0_45\bin\javaw.exe
0x00007ffa2bb90000 - 0x00007ffa2bd71000 	C:\WINDOWS\SYSTEM32\ntdll.dll
0x00007ffa2b1c0000 - 0x00007ffa2b272000 	C:\WINDOWS\System32\KERNEL32.DLL
0x00007ffa28cd0000 - 0x00007ffa28f43000 	C:\WINDOWS\System32\KERNELBASE.dll
0x00007ffa29480000 - 0x00007ffa29521000 	C:\WINDOWS\System32\ADVAPI32.dll
0x00007ffa2b410000 - 0x00007ffa2b4ae000 	C:\WINDOWS\System32\msvcrt.dll
0x00007ffa2b770000 - 0x00007ffa2b7cb000 	C:\WINDOWS\System32\sechost.dll
0x00007ffa2b640000 - 0x00007ffa2b764000 	C:\WINDOWS\System32\RPCRT4.dll
0x00007ffa2b4b0000 - 0x00007ffa2b640000 	C:\WINDOWS\System32\USER32.dll
0x00007ffa28670000 - 0x00007ffa28690000 	C:\WINDOWS\System32\win32u.dll
0x00007ffa2b2e0000 - 0x00007ffa2b308000 	C:\WINDOWS\System32\GDI32.dll
0x00007ffa28b30000 - 0x00007ffa28cc2000 	C:\WINDOWS\System32\gdi32full.dll
0x00007ffa28a90000 - 0x00007ffa28b2f000 	C:\WINDOWS\System32\msvcp_win.dll
0x00007ffa28990000 - 0x00007ffa28a8a000 	C:\WINDOWS\System32\ucrtbase.dll
0x00007ffa20360000 - 0x00007ffa205c9000 	C:\WINDOWS\WinSxS\amd64_microsoft.windows.common-controls_6595b64144ccf1df_6.0.17134.407_none_fb449d63306391e9\COMCTL32.dll
0x00007ffa2b830000 - 0x00007ffa2bb52000 	C:\WINDOWS\System32\combase.dll
0x00007ffa28fa0000 - 0x00007ffa2901a000 	C:\WINDOWS\System32\bcryptPrimitives.dll
0x00007ffa2b3e0000 - 0x00007ffa2b40d000 	C:\WINDOWS\System32\IMM32.DLL
0x0000000066db0000 - 0x0000000066e82000 	C:\Program Files\Java\jre1.8.0_45\bin\msvcr100.dll
0x00000000661b0000 - 0x0000000066a33000 	C:\Program Files\Java\jre1.8.0_45\bin\server\jvm.dll
0x00007ffa29980000 - 0x00007ffa29988000 	C:\WINDOWS\System32\PSAPI.DLL
0x00007ffa190f0000 - 0x00007ffa190f9000 	C:\WINDOWS\SYSTEM32\WSOCK32.dll
0x00007ffa29020000 - 0x00007ffa2908c000 	C:\WINDOWS\System32\WS2_32.dll
0x00007ffa24a30000 - 0x00007ffa24a53000 	C:\WINDOWS\SYSTEM32\WINMM.dll
0x00007ffa1f310000 - 0x00007ffa1f31a000 	C:\WINDOWS\SYSTEM32\VERSION.dll
0x00007ffa24000000 - 0x00007ffa2402a000 	C:\WINDOWS\SYSTEM32\WINMMBASE.dll
0x00007ffa28f50000 - 0x00007ffa28f99000 	C:\WINDOWS\System32\cfgmgr32.dll
0x0000000066fd0000 - 0x0000000066fdf000 	C:\Program Files\Java\jre1.8.0_45\bin\verify.dll
0x0000000066fa0000 - 0x0000000066fc9000 	C:\Program Files\Java\jre1.8.0_45\bin\java.dll
0x0000000066d90000 - 0x0000000066da6000 	C:\Program Files\Java\jre1.8.0_45\bin\zip.dll
0x00007ffa21d70000 - 0x00007ffa21f39000 	C:\WINDOWS\SYSTEM32\dbghelp.dll

VM Arguments:
jvm_args: -Dfile.encoding=UTF-8 
java_command: kosta.algorithm.IntQueueTester
java_class_path (initial): D:\194_javaWebProgramming\work\java_work\JavaBasic\bin
Launcher Type: SUN_STANDARD

Environment Variables:
JAVA_HOME=C:\Program Files\Java\jdk1.8.0_45
PATH=C:/Program Files/Java/jre1.8.0_45/bin/server;C:/Program Files/Java/jre1.8.0_45/bin;C:/Program Files/Java/jre1.8.0_45/lib/amd64;%JAVA_HOME%\bin;C:\ProgramData\Oracle\Java\javapath;C:\WINDOWS\system32;C:\WINDOWS;C:\WINDOWS\System32\Wbem;C:\WINDOWS\System32\WindowsPowerShell\v1.0\;C:\Program Files (x86)\Brackets\command;C:\WINDOWS\System32\OpenSSH\;C:\Program Files\Bandizip\;%USERPROFILE%\AppData\Local\Microsoft\WindowsApps;;D:\194_javaWebProgramming\Java\eclipse;
USERNAME=KOSTA
OS=Windows_NT
PROCESSOR_IDENTIFIER=Intel64 Family 6 Model 60 Stepping 3, GenuineIntel



---------------  S Y S T E M  ---------------

OS: Windows 10.0 , 64 bit Build 17134 (10.0.17134.1)

CPU:total 8 (4 cores per cpu, 2 threads per core) family 6 model 60 stepping 3, cmov, cx8, fxsr, mmx, sse, sse2, sse3, ssse3, sse4.1, sse4.2, popcnt, avx, avx2, aes, clmul, erms, lzcnt, ht, tsc, tscinvbit, bmi1, bmi2

Memory: 4k page, physical 8304472k(4223936k free), swap 33470296k(5708k free)

vm_info: Java HotSpot(TM) 64-Bit Server VM (25.45-b02) for windows-amd64 JRE (1.8.0_45-b15), built on Apr 30 2015 12:40:44 by "java_re" with MS VC++ 10.0 (VS2010)

time: Mon Nov 19 17:17:44 2018
elapsed time: 0 seconds (0d 0h 0m 0s)

